#-----------------------------------------------------------
# Webtalk v2015.4 (64-bit)
# SW Build 1412921 on Wed Nov 18 09:43:45 MST 2015
# 
# Start of session at: Mon May 01 16:48:45 2017
# Process ID: 12908
# Current directory: C:/Users/zengh/Documents/xup/axi_stream_no_side_channel_data_vivado/axi_stream_no_side_channel_data_vivado.sdk/webtalk
# Command line: wbtcv.exe -mode batch -source sdk_webtalk.tcl
# Log file: C:/Users/zengh/Documents/xup/axi_stream_no_side_channel_data_vivado/axi_stream_no_side_channel_data_vivado.sdk/webtalk/webtalk.log
# Journal file: C:/Users/zengh/Documents/xup/axi_stream_no_side_channel_data_vivado/axi_stream_no_side_channel_data_vivado.sdk/webtalk\webtalk.jou
#-----------------------------------------------------------
source sdk_webtalk.tcl
# webtalk_init -webtalk_dir C:\\Users\\zengh\\Documents\\xup\\axi_stream_no_side_channel_data_vivado\\axi_stream_no_side_channel_data_vivado.sdk\\webtalk
# webtalk_register_client -client project
# webtalk_add_data -client project -key date_generated -value "Mon May 1 16:48:45 2017" -context "software_version_and_target_device"
# webtalk_add_data -client project -key product_version -value "SDK v2015.4" -context "software_version_and_target_device"
# webtalk_add_data -client project -key build_version -value "2015.4" -context "software_version_and_target_device"
# webtalk_add_data -client project -key os_platform -value "amd64" -context "software_version_and_target_device"
# webtalk_add_data -client project -key registration_id -value "" -context "software_version_and_target_device"
# webtalk_add_data -client project -key tool_flow -value "SDK" -context "software_version_and_target_device"
# webtalk_add_data -client project -key beta -value "false" -context "software_version_and_target_device"
# webtalk_add_data -client project -key route_design -value "NA" -context "software_version_and_target_device"
# webtalk_add_data -client project -key target_family -value "NA" -context "software_version_and_target_device"
# webtalk_add_data -client project -key target_device -value "NA" -context "software_version_and_target_device"
# webtalk_add_data -client project -key target_package -value "NA" -context "software_version_and_target_device"
# webtalk_add_data -client project -key target_speed -value "NA" -context "software_version_and_target_device"
# webtalk_add_data -client project -key random_id -value "7ulbgoivl53n7636bbju3ct3p2" -context "software_version_and_target_device"
# webtalk_add_data -client project -key project_id -value "2015.4_19" -context "software_version_and_target_device"
# webtalk_add_data -client project -key project_iteration -value "19" -context "software_version_and_target_device"
# webtalk_add_data -client project -key os_name -value "" -context "user_environment"
# webtalk_add_data -client project -key os_release -value "" -context "user_environment"
# webtalk_add_data -client project -key cpu_name -value "" -context "user_environment"
# webtalk_add_data -client project -key cpu_speed -value "" -context "user_environment"
# webtalk_add_data -client project -key total_processors -value "" -context "user_environment"
# webtalk_add_data -client project -key system_ram -value "" -context "user_environment"
# webtalk_register_client -client sdk
# webtalk_add_data -client sdk -key uid -value "1493620198940" -context "sdk\\\\hardware/1493620198940"
# webtalk_add_data -client sdk -key isZynq -value "true" -context "sdk\\\\hardware/1493620198940"
# webtalk_add_data -client sdk -key Processors -value "2" -context "sdk\\\\hardware/1493620198940"
# webtalk_add_data -client sdk -key VivadoVersion -value "2015.4" -context "sdk\\\\hardware/1493620198940"
# webtalk_add_data -client sdk -key Arch -value "zynq" -context "sdk\\\\hardware/1493620198940"
# webtalk_add_data -client sdk -key Device -value "7z020" -context "sdk\\\\hardware/1493620198940"
# webtalk_add_data -client sdk -key IsHandoff -value "true" -context "sdk\\\\hardware/1493620198940"
# webtalk_add_data -client sdk -key uid -value "1493620610102" -context "sdk\\\\bsp/1493620610102"
# webtalk_add_data -client sdk -key hwid -value "1493620198940" -context "sdk\\\\bsp/1493620610102"
# webtalk_add_data -client sdk -key os -value "standalone" -context "sdk\\\\bsp/1493620610102"
# webtalk_add_data -client sdk -key apptemplate -value "hello_world" -context "sdk\\\\bsp/1493620610102"
# webtalk_add_data -client sdk -key uid -value "1493620614559" -context "sdk\\\\application/1493620614559"
# webtalk_add_data -client sdk -key hwid -value "1493620198940" -context "sdk\\\\application/1493620614559"
# webtalk_add_data -client sdk -key bspid -value "1493620610102" -context "sdk\\\\application/1493620614559"
# webtalk_add_data -client sdk -key newbsp -value "true" -context "sdk\\\\application/1493620614559"
# webtalk_add_data -client sdk -key os -value "standalone" -context "sdk\\\\application/1493620614559"
# webtalk_add_data -client sdk -key apptemplate -value "hello_world" -context "sdk\\\\application/1493620614559"
# webtalk_add_data -client sdk -key uid -value "1493620991303" -context "sdk\\\\application/1493620991303"
# webtalk_add_data -client sdk -key os -value "linux" -context "sdk\\\\application/1493620991303"
# webtalk_add_data -client sdk -key apptemplate -value "linux_hello_world" -context "sdk\\\\application/1493620991303"
# webtalk_transmit -clientid 1852442752 -regid "" -xml C:\\Users\\zengh\\Documents\\xup\\axi_stream_no_side_channel_data_vivado\\axi_stream_no_side_channel_data_vivado.sdk\\webtalk\\usage_statistics_ext_sdk.xml -html C:\\Users\\zengh\\Documents\\xup\\axi_stream_no_side_channel_data_vivado\\axi_stream_no_side_channel_data_vivado.sdk\\webtalk\\usage_statistics_ext_sdk.html -wdm C:\\Users\\zengh\\Documents\\xup\\axi_stream_no_side_channel_data_vivado\\axi_stream_no_side_channel_data_vivado.sdk\\webtalk\\sdk_webtalk.wdm -intro "<H3>SDK Usage Report</H3><BR>"
# webtalk_terminate
INFO: [Common 17-206] Exiting Webtalk at Mon May 01 16:48:48 2017...
