#-----------------------------------------------------------
# Vivado v2015.4 (64-bit)
# SW Build 1412921 on Wed Nov 18 09:43:45 MST 2015
# IP Build 1412160 on Tue Nov 17 13:47:24 MST 2015
# Start of session at: Tue May 02 11:27:10 2017
# Process ID: 10216
# Current directory: C:/ObjectDetector/axi_stream_no_side_channel_data_vivado
# Command line: vivado.exe -gui_launcher_event rodinguilauncherevent9916 C:\ObjectDetector\axi_stream_no_side_channel_data_vivado\axi_stream_no_side_channel_data_vivado.xpr
# Log file: C:/ObjectDetector/axi_stream_no_side_channel_data_vivado/vivado.log
# Journal file: C:/ObjectDetector/axi_stream_no_side_channel_data_vivado\vivado.jou
#-----------------------------------------------------------
start_gui
open_project C:/ObjectDetector/axi_stream_no_side_channel_data_vivado/axi_stream_no_side_channel_data_vivado.xpr
INFO: [Project 1-313] Project file moved from 'C:/Users/zengh/Documents/xup/axi_stream_no_side_channel_data_vivado' since last save.
Scanning sources...
Finished scanning sources
WARNING: [Project 1-509] GeneratedRun file for 'synth_1' not found
WARNING: [Project 1-509] GeneratedRun file for 'impl_1' not found
INFO: [IP_Flow 19-234] Refreshing IP repositories
INFO: [IP_Flow 19-1700] Loaded user IP repository 'c:/ObjectDetector/axi_stream_no_side_channel_data/proj_axi_stream_no_side_channel_data/solution1/impl/ip'.
INFO: [IP_Flow 19-2313] Loaded Vivado IP repository 'C:/Xilinx/Vivado/2015.4/data/ip'.
open_project: Time (s): cpu = 00:00:13 ; elapsed = 00:00:08 . Memory (MB): peak = 851.152 ; gain = 172.859
open_bd_design {C:/ObjectDetector/axi_stream_no_side_channel_data_vivado/axi_stream_no_side_channel_data_vivado.srcs/sources_1/bd/design_zynq/design_zynq.bd}
Adding component instance block -- xilinx.com:ip:processing_system7:5.5 - processing_system7_0
Adding component instance block -- xilinx.com:hls:example:1.0 - example_0
Adding component instance block -- xilinx.com:ip:axi_dma:7.1 - axi_dma_0
Adding component instance block -- xilinx.com:ip:proc_sys_reset:5.0 - rst_processing_system7_0_50M
INFO: [Ipptcl 7-1463] No Compatible Board Interface found. Board Tab not created in customize GUI
Adding component instance block -- xilinx.com:ip:xlconcat:2.1 - xlconcat_0
Adding component instance block -- xilinx.com:ip:xlconstant:1.1 - xlconstant_0
Adding component instance block -- xilinx.com:ip:axi_crossbar:2.1 - xbar
Adding component instance block -- xilinx.com:ip:axi_protocol_converter:2.1 - auto_pc
Adding component instance block -- xilinx.com:ip:axi_dwidth_converter:2.1 - auto_us
Adding component instance block -- xilinx.com:ip:axi_dwidth_converter:2.1 - auto_us
Adding component instance block -- xilinx.com:ip:axi_protocol_converter:2.1 - auto_pc
Successfully read diagram <design_zynq> from BD file <C:/ObjectDetector/axi_stream_no_side_channel_data_vivado/axi_stream_no_side_channel_data_vivado.srcs/sources_1/bd/design_zynq/design_zynq.bd>
open_bd_design: Time (s): cpu = 00:00:13 ; elapsed = 00:00:09 . Memory (MB): peak = 1060.520 ; gain = 209.367
set_property location {1 -30 350} [get_bd_cells xlconstant_0]
set_property location {1 -30 360} [get_bd_cells xlconstant_0]
set_property location {1 -30 370} [get_bd_cells xlconstant_0]
exit
INFO: [Common 17-206] Exiting Vivado at Tue May 02 11:27:52 2017...
