#-----------------------------------------------------------
# Vivado v2015.4 (64-bit)
# SW Build 1412921 on Wed Nov 18 09:43:45 MST 2015
# IP Build 1412160 on Tue Nov 17 13:47:24 MST 2015
# Start of session at: Thu Apr 27 04:11:44 2017
# Process ID: 11072
# Current directory: C:/Users/zengh/Documents/xup/zedboard-axi-dma/Vivado/zedboard_axi_dma
# Command line: vivado.exe -gui_launcher_event rodinguilauncherevent2140 C:\Users\zengh\Documents\xup\zedboard-axi-dma\Vivado\zedboard_axi_dma\zedboard_axi_dma.xpr
# Log file: C:/Users/zengh/Documents/xup/zedboard-axi-dma/Vivado/zedboard_axi_dma/vivado.log
# Journal file: C:/Users/zengh/Documents/xup/zedboard-axi-dma/Vivado/zedboard_axi_dma\vivado.jou
#-----------------------------------------------------------
start_gui
open_project C:/Users/zengh/Documents/xup/zedboard-axi-dma/Vivado/zedboard_axi_dma/zedboard_axi_dma.xpr
INFO: [Project 1-313] Project file moved from 'C:/Users/zengh/Documents/xup/zedboard-axi-dma/Vivado/PrjAr/_X_' since last save.
Scanning sources...
Finished scanning sources
INFO: [IP_Flow 19-234] Refreshing IP repositories
INFO: [IP_Flow 19-1704] No user IP repositories specified
INFO: [IP_Flow 19-2313] Loaded Vivado IP repository 'C:/Xilinx/Vivado/2015.4/data/ip'.
open_project: Time (s): cpu = 00:00:20 ; elapsed = 00:00:10 . Memory (MB): peak = 873.469 ; gain = 215.242
exit
INFO: [Common 17-206] Exiting Vivado at Thu Apr 27 04:14:56 2017...
