15:23:53 INFO  : Launching XSDB server: xsdb.bat C:/Xilinx/SDK/2015.4/scripts/xsdb/xsdb/xsdb-server.tcl
15:23:57 INFO  : XSDB server has started successfully.
15:23:57 INFO  : Processing command line option -hwspec Z:/4601/lab1/lab1.sdk/system_wrapper.hdf.
15:40:50 INFO  : Connected to target on host '127.0.0.1' and port '3121'.
15:41:11 INFO  : Connected to target on host '127.0.0.1' and port '3121'.
15:41:11 INFO  : 'targets -set -filter {jtag_cable_name =~ "Digilent Zed 210248530763" && level==0} -index 1' command is executed.
15:41:17 ERROR : fpga configuration failed. DONE PIN is not HIGH
15:41:39 INFO  : Connected to target on host '127.0.0.1' and port '3121'.
15:41:39 INFO  : 'targets -set -filter {jtag_cable_name =~ "Digilent Zed 210248530763" && level==0} -index 1' command is executed.
15:41:45 INFO  : FPGA configured successfully with bitstream "Z:/4601/lab1/lab1.sdk/system_wrapper_hw_platform_0/system_wrapper.bit"
15:42:49 INFO  : 'targets -set -filter {jtag_cable_name =~ "Digilent Zed 210248530763" && level==0} -index 1' command is executed.
15:42:49 INFO  : 'fpga -state' command is executed.
15:42:49 INFO  : Connected to target on host '127.0.0.1' and port '3121'.
15:42:49 INFO  : Sourcing of 'Z:/4601/lab1/lab1.sdk/system_wrapper_hw_platform_0/ps7_init.tcl' is done.
15:42:50 INFO  : 'targets -set -filter {name =~"APU" && jtag_cable_name =~ "Digilent Zed 210248530763"} -index 0' command is executed.
15:42:50 INFO  : Hardware design information is loaded from 'Z:/4601/lab1/lab1.sdk/system_wrapper_hw_platform_0/system.hdf'.
15:42:50 INFO  : 'targets -set -filter {name =~"APU" && jtag_cable_name =~ "Digilent Zed 210248530763"} -index 0' command is executed.
15:42:51 INFO  : 'stop' command is executed.
15:43:02 INFO  : 'ps7_init' command is executed.
15:43:02 INFO  : 'ps7_post_config' command is executed.
15:43:02 INFO  : 'con' command is executed.
15:43:02 INFO  : Context for processor 'ps7_cortexa9_0' is selected.
15:43:03 INFO  : Processor reset is completed for 'ps7_cortexa9_0'.
15:43:03 INFO  : Context for processor 'ps7_cortexa9_0' is selected.
15:43:04 INFO  : The application 'Z:/4601/lab1/lab1.sdk/lab1/Debug/lab1.elf' is downloaded to processor 'ps7_cortexa9_0'.
15:43:04 INFO  : ----------------XSDB Script----------------
connect -url tcp:127.0.0.1:3121
source Z:/4601/lab1/lab1.sdk/system_wrapper_hw_platform_0/ps7_init.tcl
targets -set -filter {name =~"APU" && jtag_cable_name =~ "Digilent Zed 210248530763"} -index 0
loadhw Z:/4601/lab1/lab1.sdk/system_wrapper_hw_platform_0/system.hdf
targets -set -filter {name =~"APU" && jtag_cable_name =~ "Digilent Zed 210248530763"} -index 0
stop
ps7_init
ps7_post_config
con
targets -set -nocase -filter {name =~ "ARM*#0" && jtag_cable_name =~ "Digilent Zed 210248530763"} -index 0
rst -processor
targets -set -nocase -filter {name =~ "ARM*#0" && jtag_cable_name =~ "Digilent Zed 210248530763"} -index 0
dow Z:/4601/lab1/lab1.sdk/lab1/Debug/lab1.elf
----------------End of Script----------------

15:43:06 INFO  : Memory regions updated for context APU
15:43:06 INFO  : Context for processor 'ps7_cortexa9_0' is selected.
15:43:07 INFO  : 'con' command is executed.
15:43:07 INFO  : ----------------XSDB Script (After Launch)----------------
targets -set -nocase -filter {name =~ "ARM*#0" && jtag_cable_name =~ "Digilent Zed 210248530763"} -index 0
con
----------------End of Script----------------

15:46:41 INFO  : Disconnected from the channel tcfchan#1.
15:46:42 INFO  : 'targets -set -filter {jtag_cable_name =~ "Digilent Zed 210248530763" && level==0} -index 1' command is executed.
15:46:42 INFO  : 'fpga -state' command is executed.
15:46:42 INFO  : Connected to target on host '127.0.0.1' and port '3121'.
15:46:42 INFO  : Sourcing of 'Z:/4601/lab1/lab1.sdk/system_wrapper_hw_platform_0/ps7_init.tcl' is done.
15:46:43 INFO  : 'targets -set -filter {name =~"APU" && jtag_cable_name =~ "Digilent Zed 210248530763"} -index 0' command is executed.
15:46:43 INFO  : Hardware design information is loaded from 'Z:/4601/lab1/lab1.sdk/system_wrapper_hw_platform_0/system.hdf'.
15:46:43 INFO  : 'targets -set -filter {name =~"APU" && jtag_cable_name =~ "Digilent Zed 210248530763"} -index 0' command is executed.
15:46:43 INFO  : 'stop' command is executed.
15:46:56 INFO  : 'ps7_init' command is executed.
15:46:57 INFO  : 'ps7_post_config' command is executed.
15:46:57 INFO  : 'con' command is executed.
15:46:57 INFO  : Context for processor 'ps7_cortexa9_0' is selected.
15:46:57 INFO  : Processor reset is completed for 'ps7_cortexa9_0'.
15:46:58 INFO  : Context for processor 'ps7_cortexa9_0' is selected.
15:46:59 INFO  : The application 'Z:/4601/lab1/lab1.sdk/lab1/Debug/lab1.elf' is downloaded to processor 'ps7_cortexa9_0'.
15:46:59 INFO  : ----------------XSDB Script----------------
connect -url tcp:127.0.0.1:3121
source Z:/4601/lab1/lab1.sdk/system_wrapper_hw_platform_0/ps7_init.tcl
targets -set -filter {name =~"APU" && jtag_cable_name =~ "Digilent Zed 210248530763"} -index 0
loadhw Z:/4601/lab1/lab1.sdk/system_wrapper_hw_platform_0/system.hdf
targets -set -filter {name =~"APU" && jtag_cable_name =~ "Digilent Zed 210248530763"} -index 0
stop
ps7_init
ps7_post_config
con
targets -set -nocase -filter {name =~ "ARM*#0" && jtag_cable_name =~ "Digilent Zed 210248530763"} -index 0
rst -processor
targets -set -nocase -filter {name =~ "ARM*#0" && jtag_cable_name =~ "Digilent Zed 210248530763"} -index 0
dow Z:/4601/lab1/lab1.sdk/lab1/Debug/lab1.elf
----------------End of Script----------------

15:47:00 INFO  : Memory regions updated for context APU
15:47:01 INFO  : Context for processor 'ps7_cortexa9_0' is selected.
15:47:01 INFO  : 'con' command is executed.
15:47:01 INFO  : ----------------XSDB Script (After Launch)----------------
targets -set -nocase -filter {name =~ "ARM*#0" && jtag_cable_name =~ "Digilent Zed 210248530763"} -index 0
con
----------------End of Script----------------

