#-----------------------------------------------------------
# xsim v2015.4 (64-bit)
# SW Build 1412921 on Wed Nov 18 09:43:45 MST 2015
# IP Build 1412160 on Tue Nov 17 13:47:24 MST 2015
# Start of session at: Tue May 02 00:11:02 2017
# Process ID: 12280
# Current directory: C:/Users/zengh/Documents/xup/axi_stream_no_side_channel_data/proj_axi_stream_no_side_channel_data/solution1/sim/vhdl
# Command line: xsim.exe -mode tcl -source {xsim.dir/example/xsim_script.tcl}
# Log file: C:/Users/zengh/Documents/xup/axi_stream_no_side_channel_data/proj_axi_stream_no_side_channel_data/solution1/sim/vhdl/xsim.log
# Journal file: C:/Users/zengh/Documents/xup/axi_stream_no_side_channel_data/proj_axi_stream_no_side_channel_data/solution1/sim/vhdl\xsim.jou
#-----------------------------------------------------------
source xsim.dir/example/xsim_script.tcl
# xsim {example} -maxdeltaid 10000 -autoloadwcfg -tclbatch {example.tcl}
Vivado Simulator 2015.4
Time resolution is 1 ps
source example.tcl
## run all
Note: simulation done!
Time: 887110 ps  Iteration: 1  Process: /apatb_example_top/generate_sim_done_proc  File: C:/Users/zengh/Documents/xup/axi_stream_no_side_channel_data/proj_axi_stream_no_side_channel_data/solution1/sim/vhdl/example.autotb.vhd
Failure: NORMAL EXIT (note: failure is to force the simulator to stop)
Time: 887110 ps  Iteration: 1  Process: /apatb_example_top/generate_sim_done_proc  File: C:/Users/zengh/Documents/xup/axi_stream_no_side_channel_data/proj_axi_stream_no_side_channel_data/solution1/sim/vhdl/example.autotb.vhd
$finish called at time : 887110 ps
## quit
INFO: [Common 17-206] Exiting xsim at Tue May 02 00:11:05 2017...
